[INFO ][20170530 14:12:53,412][AbstractApplicationContext:510] Refreshing org.springframework.context.support.ClassPathXmlApplicationContext@1cd87431: startup date [Tue May 30 14:12:53 SGT 2017]; root of context hierarchy
[INFO ][20170530 14:12:53,576][XmlBeanDefinitionReader:315] Loading XML bean definitions from class path resource [spring/spring-context.xml]
[INFO ][20170530 14:12:53,929][XmlBeanDefinitionReader:315] Loading XML bean definitions from class path resource [spring/spring-mybatis.xml]
[INFO ][20170530 14:12:53,977][XmlBeanDefinitionReader:315] Loading XML bean definitions from class path resource [spring/dubbo-provider.xml]
[INFO ][20170530 14:12:54,030][?:?] using logger: com.alibaba.dubbo.common.logger.log4j.Log4jLoggerAdapter
[INFO ][20170530 14:12:54,272][PropertiesLoaderSupport:172] Loading properties file from class path resource [jdbc.properties]
[INFO ][20170530 14:12:54,273][PropertiesLoaderSupport:172] Loading properties file from class path resource [service.properties]
[INFO ][20170530 14:12:54,362][DefaultListableBeanFactory:598] Pre-instantiating singletons in org.springframework.beans.factory.support.DefaultListableBeanFactory@1384307e: defining beans [org.springframework.context.annotation.internalConfigurationAnnotationProcessor,org.springframework.context.annotation.internalAutowiredAnnotationProcessor,org.springframework.context.annotation.internalRequiredAnnotationProcessor,org.springframework.context.annotation.internalCommonAnnotationProcessor,pmsUserFacade,pmsUserBiz,pmsUserDao,org.springframework.context.support.PropertySourcesPlaceholderConfigurer#0,org.springframework.aop.config.internalAutoProxyCreator,dataSource,sqlSessionFactory,sessionTemplate,transactionManager,gw-service-user,com.alibaba.dubbo.config.RegistryConfig,dubbo,wusc.edu.facade.user.service.PmsUserFacade,org.springframework.context.annotation.ConfigurationClassPostProcessor.importAwareProcessor]; root of factory hierarchy
[INFO ][20170530 14:12:55,158][DruidDataSource:669] {dataSource-1} inited
[INFO ][20170530 14:12:55,160][DefaultSingletonBeanRegistry:444] Destroying singletons in org.springframework.beans.factory.support.DefaultListableBeanFactory@1384307e: defining beans [org.springframework.context.annotation.internalConfigurationAnnotationProcessor,org.springframework.context.annotation.internalAutowiredAnnotationProcessor,org.springframework.context.annotation.internalRequiredAnnotationProcessor,org.springframework.context.annotation.internalCommonAnnotationProcessor,pmsUserFacade,pmsUserBiz,pmsUserDao,org.springframework.context.support.PropertySourcesPlaceholderConfigurer#0,org.springframework.aop.config.internalAutoProxyCreator,dataSource,sqlSessionFactory,sessionTemplate,transactionManager,gw-service-user,com.alibaba.dubbo.config.RegistryConfig,dubbo,wusc.edu.facade.user.service.PmsUserFacade,org.springframework.context.annotation.ConfigurationClassPostProcessor.importAwareProcessor]; root of factory hierarchy
[ERROR][20170530 14:12:55,161][DubboProvider:23] == DubboProvider context start error:
org.springframework.beans.factory.BeanCreationException: Error creating bean with name 'pmsUserFacade': Injection of autowired dependencies failed; nested exception is org.springframework.beans.factory.BeanCreationException: Could not autowire field: private wusc.edu.service.user.biz.PmsUserBiz wusc.edu.facade.user.service.impl.PmsUserFacadeImpl.pmsUserBiz; nested exception is org.springframework.beans.factory.BeanCreationException: Error creating bean with name 'pmsUserBiz': Injection of autowired dependencies failed; nested exception is org.springframework.beans.factory.BeanCreationException: Could not autowire field: private wusc.edu.service.user.dao.PmsUserDao wusc.edu.service.user.biz.PmsUserBiz.pmsUserDao; nested exception is org.springframework.beans.factory.BeanCreationException: Error creating bean with name 'pmsUserDao' defined in file [D:\my_dubbo_test\edu-service-user\target\classes\wusc\edu\service\user\dao\impl\PmsUserDaoImpl.class]: Initialization of bean failed; nested exception is org.springframework.beans.factory.BeanCreationException: Error creating bean with name 'sessionTemplate' defined in class path resource [spring/spring-mybatis.xml]: Cannot resolve reference to bean 'sqlSessionFactory' while setting constructor argument; nested exception is org.springframework.beans.factory.BeanCreationException: Error creating bean with name 'sqlSessionFactory' defined in class path resource [spring/spring-mybatis.xml]: Cannot resolve reference to bean 'dataSource' while setting bean property 'dataSource'; nested exception is org.springframework.beans.factory.BeanCreationException: Error creating bean with name 'dataSource' defined in class path resource [spring/spring-mybatis.xml]: Invocation of init method failed; nested exception is java.lang.IllegalArgumentException: Failed to decrypt.
	at org.springframework.beans.factory.annotation.AutowiredAnnotationBeanPostProcessor.postProcessPropertyValues(AutowiredAnnotationBeanPostProcessor.java:288)
	at org.springframework.beans.factory.support.AbstractAutowireCapableBeanFactory.populateBean(AbstractAutowireCapableBeanFactory.java:1116)
	at org.springframework.beans.factory.support.AbstractAutowireCapableBeanFactory.doCreateBean(AbstractAutowireCapableBeanFactory.java:519)
	at org.springframework.beans.factory.support.AbstractAutowireCapableBeanFactory.createBean(AbstractAutowireCapableBeanFactory.java:458)
	at org.springframework.beans.factory.support.AbstractBeanFactory$1.getObject(AbstractBeanFactory.java:295)
	at org.springframework.beans.factory.support.DefaultSingletonBeanRegistry.getSingleton(DefaultSingletonBeanRegistry.java:223)
	at org.springframework.beans.factory.support.AbstractBeanFactory.doGetBean(AbstractBeanFactory.java:292)
	at org.springframework.beans.factory.support.AbstractBeanFactory.getBean(AbstractBeanFactory.java:194)
	at org.springframework.beans.factory.support.DefaultListableBeanFactory.preInstantiateSingletons(DefaultListableBeanFactory.java:628)
	at org.springframework.context.support.AbstractApplicationContext.finishBeanFactoryInitialization(AbstractApplicationContext.java:932)
	at org.springframework.context.support.AbstractApplicationContext.refresh(AbstractApplicationContext.java:479)
	at org.springframework.context.support.ClassPathXmlApplicationContext.<init>(ClassPathXmlApplicationContext.java:139)
	at org.springframework.context.support.ClassPathXmlApplicationContext.<init>(ClassPathXmlApplicationContext.java:83)
	at dubbo.test.DubboProvider.main(DubboProvider.java:20)
Caused by: org.springframework.beans.factory.BeanCreationException: Could not autowire field: private wusc.edu.service.user.biz.PmsUserBiz wusc.edu.facade.user.service.impl.PmsUserFacadeImpl.pmsUserBiz; nested exception is org.springframework.beans.factory.BeanCreationException: Error creating bean with name 'pmsUserBiz': Injection of autowired dependencies failed; nested exception is org.springframework.beans.factory.BeanCreationException: Could not autowire field: private wusc.edu.service.user.dao.PmsUserDao wusc.edu.service.user.biz.PmsUserBiz.pmsUserDao; nested exception is org.springframework.beans.factory.BeanCreationException: Error creating bean with name 'pmsUserDao' defined in file [D:\my_dubbo_test\edu-service-user\target\classes\wusc\edu\service\user\dao\impl\PmsUserDaoImpl.class]: Initialization of bean failed; nested exception is org.springframework.beans.factory.BeanCreationException: Error creating bean with name 'sessionTemplate' defined in class path resource [spring/spring-mybatis.xml]: Cannot resolve reference to bean 'sqlSessionFactory' while setting constructor argument; nested exception is org.springframework.beans.factory.BeanCreationException: Error creating bean with name 'sqlSessionFactory' defined in class path resource [spring/spring-mybatis.xml]: Cannot resolve reference to bean 'dataSource' while setting bean property 'dataSource'; nested exception is org.springframework.beans.factory.BeanCreationException: Error creating bean with name 'dataSource' defined in class path resource [spring/spring-mybatis.xml]: Invocation of init method failed; nested exception is java.lang.IllegalArgumentException: Failed to decrypt.
	at org.springframework.beans.factory.annotation.AutowiredAnnotationBeanPostProcessor$AutowiredFieldElement.inject(AutowiredAnnotationBeanPostProcessor.java:514)
	at org.springframework.beans.factory.annotation.InjectionMetadata.inject(InjectionMetadata.java:87)
	at org.springframework.beans.factory.annotation.AutowiredAnnotationBeanPostProcessor.postProcessPropertyValues(AutowiredAnnotationBeanPostProcessor.java:285)
	... 13 more
Caused by: org.springframework.beans.factory.BeanCreationException: Error creating bean with name 'pmsUserBiz': Injection of autowired dependencies failed; nested exception is org.springframework.beans.factory.BeanCreationException: Could not autowire field: private wusc.edu.service.user.dao.PmsUserDao wusc.edu.service.user.biz.PmsUserBiz.pmsUserDao; nested exception is org.springframework.beans.factory.BeanCreationException: Error creating bean with name 'pmsUserDao' defined in file [D:\my_dubbo_test\edu-service-user\target\classes\wusc\edu\service\user\dao\impl\PmsUserDaoImpl.class]: Initialization of bean failed; nested exception is org.springframework.beans.factory.BeanCreationException: Error creating bean with name 'sessionTemplate' defined in class path resource [spring/spring-mybatis.xml]: Cannot resolve reference to bean 'sqlSessionFactory' while setting constructor argument; nested exception is org.springframework.beans.factory.BeanCreationException: Error creating bean with name 'sqlSessionFactory' defined in class path resource [spring/spring-mybatis.xml]: Cannot resolve reference to bean 'dataSource' while setting bean property 'dataSource'; nested exception is org.springframework.beans.factory.BeanCreationException: Error creating bean with name 'dataSource' defined in class path resource [spring/spring-mybatis.xml]: Invocation of init method failed; nested exception is java.lang.IllegalArgumentException: Failed to decrypt.
	at org.springframework.beans.factory.annotation.AutowiredAnnotationBeanPostProcessor.postProcessPropertyValues(AutowiredAnnotationBeanPostProcessor.java:288)
	at org.springframework.beans.factory.support.AbstractAutowireCapableBeanFactory.populateBean(AbstractAutowireCapableBeanFactory.java:1116)
	at org.springframework.beans.factory.support.AbstractAutowireCapableBeanFactory.doCreateBean(AbstractAutowireCapableBeanFactory.java:519)
	at org.springframework.beans.factory.support.AbstractAutowireCapableBeanFactory.createBean(AbstractAutowireCapableBeanFactory.java:458)
	at org.springframework.beans.factory.support.AbstractBeanFactory$1.getObject(AbstractBeanFactory.java:295)
	at org.springframework.beans.factory.support.DefaultSingletonBeanRegistry.getSingleton(DefaultSingletonBeanRegistry.java:223)
	at org.springframework.beans.factory.support.AbstractBeanFactory.doGetBean(AbstractBeanFactory.java:292)
	at org.springframework.beans.factory.support.AbstractBeanFactory.getBean(AbstractBeanFactory.java:194)
	at org.springframework.beans.factory.support.DefaultListableBeanFactory.findAutowireCandidates(DefaultListableBeanFactory.java:912)
	at org.springframework.beans.factory.support.DefaultListableBeanFactory.doResolveDependency(DefaultListableBeanFactory.java:855)
	at org.springframework.beans.factory.support.DefaultListableBeanFactory.resolveDependency(DefaultListableBeanFactory.java:770)
	at org.springframework.beans.factory.annotation.AutowiredAnnotationBeanPostProcessor$AutowiredFieldElement.inject(AutowiredAnnotationBeanPostProcessor.java:486)
	... 15 more
Caused by: org.springframework.beans.factory.BeanCreationException: Could not autowire field: private wusc.edu.service.user.dao.PmsUserDao wusc.edu.service.user.biz.PmsUserBiz.pmsUserDao; nested exception is org.springframework.beans.factory.BeanCreationException: Error creating bean with name 'pmsUserDao' defined in file [D:\my_dubbo_test\edu-service-user\target\classes\wusc\edu\service\user\dao\impl\PmsUserDaoImpl.class]: Initialization of bean failed; nested exception is org.springframework.beans.factory.BeanCreationException: Error creating bean with name 'sessionTemplate' defined in class path resource [spring/spring-mybatis.xml]: Cannot resolve reference to bean 'sqlSessionFactory' while setting constructor argument; nested exception is org.springframework.beans.factory.BeanCreationException: Error creating bean with name 'sqlSessionFactory' defined in class path resource [spring/spring-mybatis.xml]: Cannot resolve reference to bean 'dataSource' while setting bean property 'dataSource'; nested exception is org.springframework.beans.factory.BeanCreationException: Error creating bean with name 'dataSource' defined in class path resource [spring/spring-mybatis.xml]: Invocation of init method failed; nested exception is java.lang.IllegalArgumentException: Failed to decrypt.
	at org.springframework.beans.factory.annotation.AutowiredAnnotationBeanPostProcessor$AutowiredFieldElement.inject(AutowiredAnnotationBeanPostProcessor.java:514)
	at org.springframework.beans.factory.annotation.InjectionMetadata.inject(InjectionMetadata.java:87)
	at org.springframework.beans.factory.annotation.AutowiredAnnotationBeanPostProcessor.postProcessPropertyValues(AutowiredAnnotationBeanPostProcessor.java:285)
	... 26 more
Caused by: org.springframework.beans.factory.BeanCreationException: Error creating bean with name 'pmsUserDao' defined in file [D:\my_dubbo_test\edu-service-user\target\classes\wusc\edu\service\user\dao\impl\PmsUserDaoImpl.class]: Initialization of bean failed; nested exception is org.springframework.beans.factory.BeanCreationException: Error creating bean with name 'sessionTemplate' defined in class path resource [spring/spring-mybatis.xml]: Cannot resolve reference to bean 'sqlSessionFactory' while setting constructor argument; nested exception is org.springframework.beans.factory.BeanCreationException: Error creating bean with name 'sqlSessionFactory' defined in class path resource [spring/spring-mybatis.xml]: Cannot resolve reference to bean 'dataSource' while setting bean property 'dataSource'; nested exception is org.springframework.beans.factory.BeanCreationException: Error creating bean with name 'dataSource' defined in class path resource [spring/spring-mybatis.xml]: Invocation of init method failed; nested exception is java.lang.IllegalArgumentException: Failed to decrypt.
	at org.springframework.beans.factory.support.AbstractAutowireCapableBeanFactory.doCreateBean(AbstractAutowireCapableBeanFactory.java:529)
	at org.springframework.beans.factory.support.AbstractAutowireCapableBeanFactory.createBean(AbstractAutowireCapableBeanFactory.java:458)
	at org.springframework.beans.factory.support.AbstractBeanFactory$1.getObject(AbstractBeanFactory.java:295)
	at org.springframework.beans.factory.support.DefaultSingletonBeanRegistry.getSingleton(DefaultSingletonBeanRegistry.java:223)
	at org.springframework.beans.factory.support.AbstractBeanFactory.doGetBean(AbstractBeanFactory.java:292)
	at org.springframework.beans.factory.support.AbstractBeanFactory.getBean(AbstractBeanFactory.java:194)
	at org.springframework.beans.factory.support.DefaultListableBeanFactory.findAutowireCandidates(DefaultListableBeanFactory.java:912)
	at org.springframework.beans.factory.support.DefaultListableBeanFactory.doResolveDependency(DefaultListableBeanFactory.java:855)
	at org.springframework.beans.factory.support.DefaultListableBeanFactory.resolveDependency(DefaultListableBeanFactory.java:770)
	at org.springframework.beans.factory.annotation.AutowiredAnnotationBeanPostProcessor$AutowiredFieldElement.inject(AutowiredAnnotationBeanPostProcessor.java:486)
	... 28 more
Caused by: org.springframework.beans.factory.BeanCreationException: Error creating bean with name 'sessionTemplate' defined in class path resource [spring/spring-mybatis.xml]: Cannot resolve reference to bean 'sqlSessionFactory' while setting constructor argument; nested exception is org.springframework.beans.factory.BeanCreationException: Error creating bean with name 'sqlSessionFactory' defined in class path resource [spring/spring-mybatis.xml]: Cannot resolve reference to bean 'dataSource' while setting bean property 'dataSource'; nested exception is org.springframework.beans.factory.BeanCreationException: Error creating bean with name 'dataSource' defined in class path resource [spring/spring-mybatis.xml]: Invocation of init method failed; nested exception is java.lang.IllegalArgumentException: Failed to decrypt.
	at org.springframework.beans.factory.support.BeanDefinitionValueResolver.resolveReference(BeanDefinitionValueResolver.java:329)
	at org.springframework.beans.factory.support.BeanDefinitionValueResolver.resolveValueIfNecessary(BeanDefinitionValueResolver.java:107)
	at org.springframework.beans.factory.support.ConstructorResolver.resolveConstructorArguments(ConstructorResolver.java:615)
	at org.springframework.beans.factory.support.ConstructorResolver.autowireConstructor(ConstructorResolver.java:148)
	at org.springframework.beans.factory.support.AbstractAutowireCapableBeanFactory.autowireConstructor(AbstractAutowireCapableBeanFactory.java:1045)
	at org.springframework.beans.factory.support.AbstractAutowireCapableBeanFactory.createBeanInstance(AbstractAutowireCapableBeanFactory.java:949)
	at org.springframework.beans.factory.support.AbstractAutowireCapableBeanFactory.doCreateBean(AbstractAutowireCapableBeanFactory.java:487)
	at org.springframework.beans.factory.support.AbstractAutowireCapableBeanFactory.createBean(AbstractAutowireCapableBeanFactory.java:458)
	at org.springframework.beans.factory.support.AbstractBeanFactory$1.getObject(AbstractBeanFactory.java:295)
	at org.springframework.beans.factory.support.DefaultSingletonBeanRegistry.getSingleton(DefaultSingletonBeanRegistry.java:223)
	at org.springframework.beans.factory.support.AbstractBeanFactory.doGetBean(AbstractBeanFactory.java:292)
	at org.springframework.beans.factory.support.AbstractBeanFactory.getBean(AbstractBeanFactory.java:194)
	at org.springframework.beans.factory.support.AbstractAutowireCapableBeanFactory.autowireByName(AbstractAutowireCapableBeanFactory.java:1146)
	at org.springframework.beans.factory.support.AbstractAutowireCapableBeanFactory.populateBean(AbstractAutowireCapableBeanFactory.java:1096)
	at org.springframework.beans.factory.support.AbstractAutowireCapableBeanFactory.doCreateBean(AbstractAutowireCapableBeanFactory.java:519)
	... 37 more
Caused by: org.springframework.beans.factory.BeanCreationException: Error creating bean with name 'sqlSessionFactory' defined in class path resource [spring/spring-mybatis.xml]: Cannot resolve reference to bean 'dataSource' while setting bean property 'dataSource'; nested exception is org.springframework.beans.factory.BeanCreationException: Error creating bean with name 'dataSource' defined in class path resource [spring/spring-mybatis.xml]: Invocation of init method failed; nested exception is java.lang.IllegalArgumentException: Failed to decrypt.
	at org.springframework.beans.factory.support.BeanDefinitionValueResolver.resolveReference(BeanDefinitionValueResolver.java:329)
	at org.springframework.beans.factory.support.BeanDefinitionValueResolver.resolveValueIfNecessary(BeanDefinitionValueResolver.java:107)
	at org.springframework.beans.factory.support.AbstractAutowireCapableBeanFactory.applyPropertyValues(AbstractAutowireCapableBeanFactory.java:1387)
	at org.springframework.beans.factory.support.AbstractAutowireCapableBeanFactory.populateBean(AbstractAutowireCapableBeanFactory.java:1128)
	at org.springframework.beans.factory.support.AbstractAutowireCapableBeanFactory.doCreateBean(AbstractAutowireCapableBeanFactory.java:519)
	at org.springframework.beans.factory.support.AbstractAutowireCapableBeanFactory.createBean(AbstractAutowireCapableBeanFactory.java:458)
	at org.springframework.beans.factory.support.AbstractBeanFactory$1.getObject(AbstractBeanFactory.java:295)
	at org.springframework.beans.factory.support.DefaultSingletonBeanRegistry.getSingleton(DefaultSingletonBeanRegistry.java:223)
	at org.springframework.beans.factory.support.AbstractBeanFactory.doGetBean(AbstractBeanFactory.java:292)
	at org.springframework.beans.factory.support.AbstractBeanFactory.getBean(AbstractBeanFactory.java:194)
	at org.springframework.beans.factory.support.BeanDefinitionValueResolver.resolveReference(BeanDefinitionValueResolver.java:323)
	... 51 more
Caused by: org.springframework.beans.factory.BeanCreationException: Error creating bean with name 'dataSource' defined in class path resource [spring/spring-mybatis.xml]: Invocation of init method failed; nested exception is java.lang.IllegalArgumentException: Failed to decrypt.
	at org.springframework.beans.factory.support.AbstractAutowireCapableBeanFactory.initializeBean(AbstractAutowireCapableBeanFactory.java:1482)
	at org.springframework.beans.factory.support.AbstractAutowireCapableBeanFactory.doCreateBean(AbstractAutowireCapableBeanFactory.java:521)
	at org.springframework.beans.factory.support.AbstractAutowireCapableBeanFactory.createBean(AbstractAutowireCapableBeanFactory.java:458)
	at org.springframework.beans.factory.support.AbstractBeanFactory$1.getObject(AbstractBeanFactory.java:295)
	at org.springframework.beans.factory.support.DefaultSingletonBeanRegistry.getSingleton(DefaultSingletonBeanRegistry.java:223)
	at org.springframework.beans.factory.support.AbstractBeanFactory.doGetBean(AbstractBeanFactory.java:292)
	at org.springframework.beans.factory.support.AbstractBeanFactory.getBean(AbstractBeanFactory.java:194)
	at org.springframework.beans.factory.support.BeanDefinitionValueResolver.resolveReference(BeanDefinitionValueResolver.java:323)
	... 61 more
Caused by: java.lang.IllegalArgumentException: Failed to decrypt.
	at com.alibaba.druid.filter.config.ConfigFilter.decrypt(ConfigFilter.java:211)
	at com.alibaba.druid.filter.config.ConfigFilter.init(ConfigFilter.java:123)
	at com.alibaba.druid.pool.DruidDataSource.init(DruidDataSource.java:550)
	at sun.reflect.NativeMethodAccessorImpl.invoke0(Native Method)
	at sun.reflect.NativeMethodAccessorImpl.invoke(NativeMethodAccessorImpl.java:57)
	at sun.reflect.DelegatingMethodAccessorImpl.invoke(DelegatingMethodAccessorImpl.java:43)
	at java.lang.reflect.Method.invoke(Method.java:606)
	at org.springframework.beans.factory.support.AbstractAutowireCapableBeanFactory.invokeCustomInitMethod(AbstractAutowireCapableBeanFactory.java:1608)
	at org.springframework.beans.factory.support.AbstractAutowireCapableBeanFactory.invokeInitMethods(AbstractAutowireCapableBeanFactory.java:1549)
	at org.springframework.beans.factory.support.AbstractAutowireCapableBeanFactory.initializeBean(AbstractAutowireCapableBeanFactory.java:1479)
	... 68 more
Caused by: java.lang.IllegalArgumentException: String length must be a multiple of four.
	at com.alibaba.druid.util.Base64.base64ToByteArray(Base64.java:128)
	at com.alibaba.druid.util.Base64.base64ToByteArray(Base64.java:110)
	at com.alibaba.druid.filter.config.ConfigTools.decrypt(ConfigTools.java:146)
	at com.alibaba.druid.filter.config.ConfigFilter.decrypt(ConfigFilter.java:203)
	... 77 more
